2020-07-13 16:45:52.792  INFO 72776 --- [main] com.danny.hongtu.MainStart               : Starting MainStart on DESKTOP-2CI1RDO with PID 72776 (E:\idea\product\HongTu\target\classes started by admin in E:\idea\product\HongTu)
2020-07-13 16:45:52.797  INFO 72776 --- [main] com.danny.hongtu.MainStart               : No active profile set, falling back to default profiles: default
2020-07-13 16:45:52.847  INFO 72776 --- [main] ConfigServletWebServerApplicationContext : Refreshing org.springframework.boot.web.servlet.context.AnnotationConfigServletWebServerApplicationContext@4ce1d6d0: startup date [Mon Jul 13 16:45:52 CST 2020]; root of context hierarchy
2020-07-13 16:45:54.865  INFO 72776 --- [main] .s.d.r.c.RepositoryConfigurationDelegate : Multiple Spring Data modules found, entering strict repository configuration mode!
2020-07-13 16:45:54.890  INFO 72776 --- [main] .s.d.r.c.RepositoryConfigurationDelegate : Multiple Spring Data modules found, entering strict repository configuration mode!
2020-07-13 16:45:55.583  INFO 72776 --- [main] o.s.b.w.embedded.tomcat.TomcatWebServer  : Tomcat initialized with port(s): 33242 (http)
2020-07-13 16:45:55.607  INFO 72776 --- [main] o.apache.catalina.core.StandardService   : Starting service [Tomcat]
2020-07-13 16:45:55.608  INFO 72776 --- [main] org.apache.catalina.core.StandardEngine  : Starting Servlet Engine: Apache Tomcat/8.5.31
2020-07-13 16:45:55.623  INFO 72776 --- [localhost-startStop-1] o.a.catalina.core.AprLifecycleListener   : The APR based Apache Tomcat Native library which allows optimal performance in production environments was not found on the java.library.path: [C:\Program Files\Java\jdk1.8.0_191\bin;C:\WINDOWS\Sun\Java\bin;C:\WINDOWS\system32;C:\WINDOWS;C:\Program Files (x86)\NetSarang\Xftp 6\;C:\Program Files (x86)\Common Files\Oracle\Java\javapath;C:\WINDOWS\system32;C:\WINDOWS;C:\WINDOWS\System32\Wbem;C:\WINDOWS\System32\WindowsPowerShell\v1.0\;C:\WINDOWS\System32\OpenSSH\;C:\Program Files\Java\jdk1.8.0_191\bin;D:\soft\neo4j-community-3.4.9\bin;C:\Program Files\TortoiseSVN\bin;D:\soft\maven\apache-maven-3.6.1\bin;C:\Program Files\Microsoft VS Code\bin;C:\Program Files\MySQL\MySQL Server 5.7\bin;C:\Program Files\Git\cmd;C:\Program Files\nodejs\node_global;C:\Program Files\MongoDB\Server\4.2\bin;D:\opensourcebin;D:\opensourcesbin;C:\Program Files\nodejs\;C:\sqlite;C:\Users\admin\AppData\Local\Microsoft\WindowsApps;C:\Users\admin\AppData\Local\Microsoft\WindowsApps;C:\Users\admin\AppData\Roaming\npm;C:\Program Files\nodejs\node_global;;.]
2020-07-13 16:45:55.755  INFO 72776 --- [localhost-startStop-1] o.a.c.c.C.[Tomcat].[localhost].[/]       : Initializing Spring embedded WebApplicationContext
2020-07-13 16:45:55.756  INFO 72776 --- [localhost-startStop-1] o.s.web.context.ContextLoader            : Root WebApplicationContext: initialization completed in 2909 ms
2020-07-13 16:45:55.781 ERROR 72776 --- [localhost-startStop-1] o.s.b.web.embedded.tomcat.TomcatStarter  : Error starting Tomcat context. Exception: org.springframework.beans.factory.UnsatisfiedDependencyException. Message: Error creating bean with name 'removeDruidFilterRegistrationBean' defined in class path resource [com/danny/hongtu/config/DruidConfig.class]: Unsatisfied dependency expressed through method 'removeDruidFilterRegistrationBean' parameter 0; nested exception is org.springframework.beans.factory.NoSuchBeanDefinitionException: No qualifying bean of type 'com.alibaba.druid.spring.boot.autoconfigure.properties.DruidStatProperties' available: expected at least 1 bean which qualifies as autowire candidate. Dependency annotations: {}
2020-07-13 16:45:55.828  INFO 72776 --- [main] o.apache.catalina.core.StandardService   : Stopping service [Tomcat]
2020-07-13 16:45:55.868  WARN 72776 --- [localhost-startStop-1] o.a.c.loader.WebappClassLoaderBase       : The web application [ROOT] appears to have started a thread named [Abandoned connection cleanup thread] but has failed to stop it. This is very likely to create a memory leak. Stack trace of thread:
 java.lang.Object.wait(Native Method)
 java.lang.ref.ReferenceQueue.remove(ReferenceQueue.java:144)
 com.mysql.cj.jdbc.AbandonedConnectionCleanupThread.run(AbandonedConnectionCleanupThread.java:43)
2020-07-13 16:45:55.883  WARN 72776 --- [main] ConfigServletWebServerApplicationContext : Exception encountered during context initialization - cancelling refresh attempt: org.springframework.context.ApplicationContextException: Unable to start web server; nested exception is org.springframework.boot.web.server.WebServerException: Unable to start embedded Tomcat
2020-07-13 16:51:50.198  INFO 78116 --- [main] com.danny.hongtu.MainStart               : Starting MainStart on DESKTOP-2CI1RDO with PID 78116 (E:\idea\product\HongTu\target\classes started by admin in E:\idea\product\HongTu)
2020-07-13 16:51:50.203  INFO 78116 --- [main] com.danny.hongtu.MainStart               : No active profile set, falling back to default profiles: default
2020-07-13 16:51:50.260  INFO 78116 --- [main] ConfigServletWebServerApplicationContext : Refreshing org.springframework.boot.web.servlet.context.AnnotationConfigServletWebServerApplicationContext@50de186c: startup date [Mon Jul 13 16:51:50 CST 2020]; root of context hierarchy
2020-07-13 16:51:51.223  INFO 78116 --- [main] .s.d.r.c.RepositoryConfigurationDelegate : Multiple Spring Data modules found, entering strict repository configuration mode!
2020-07-13 16:51:51.260  INFO 78116 --- [main] .s.d.r.c.RepositoryConfigurationDelegate : Multiple Spring Data modules found, entering strict repository configuration mode!
2020-07-13 16:51:51.594  INFO 78116 --- [main] trationDelegate$BeanPostProcessorChecker : Bean 'org.springframework.transaction.annotation.ProxyTransactionManagementConfiguration' of type [org.springframework.transaction.annotation.ProxyTransactionManagementConfiguration$$EnhancerBySpringCGLIB$$1cae6e17] is not eligible for getting processed by all BeanPostProcessors (for example: not eligible for auto-proxying)
2020-07-13 16:51:51.903  INFO 78116 --- [main] o.s.b.w.embedded.tomcat.TomcatWebServer  : Tomcat initialized with port(s): 33242 (http)
2020-07-13 16:51:51.924  INFO 78116 --- [main] o.apache.catalina.core.StandardService   : Starting service [Tomcat]
2020-07-13 16:51:51.924  INFO 78116 --- [main] org.apache.catalina.core.StandardEngine  : Starting Servlet Engine: Apache Tomcat/8.5.31
2020-07-13 16:51:51.928  INFO 78116 --- [localhost-startStop-1] o.a.catalina.core.AprLifecycleListener   : The APR based Apache Tomcat Native library which allows optimal performance in production environments was not found on the java.library.path: [C:\Program Files\Java\jdk1.8.0_191\bin;C:\WINDOWS\Sun\Java\bin;C:\WINDOWS\system32;C:\WINDOWS;C:\Program Files (x86)\NetSarang\Xftp 6\;C:\Program Files (x86)\Common Files\Oracle\Java\javapath;C:\WINDOWS\system32;C:\WINDOWS;C:\WINDOWS\System32\Wbem;C:\WINDOWS\System32\WindowsPowerShell\v1.0\;C:\WINDOWS\System32\OpenSSH\;C:\Program Files\Java\jdk1.8.0_191\bin;D:\soft\neo4j-community-3.4.9\bin;C:\Program Files\TortoiseSVN\bin;D:\soft\maven\apache-maven-3.6.1\bin;C:\Program Files\Microsoft VS Code\bin;C:\Program Files\MySQL\MySQL Server 5.7\bin;C:\Program Files\Git\cmd;C:\Program Files\nodejs\node_global;C:\Program Files\MongoDB\Server\4.2\bin;D:\opensourcebin;D:\opensourcesbin;C:\Program Files\nodejs\;C:\sqlite;C:\Users\admin\AppData\Local\Microsoft\WindowsApps;C:\Users\admin\AppData\Local\Microsoft\WindowsApps;C:\Users\admin\AppData\Roaming\npm;C:\Program Files\nodejs\node_global;;.]
2020-07-13 16:51:52.108  INFO 78116 --- [localhost-startStop-1] o.a.c.c.C.[Tomcat].[localhost].[/]       : Initializing Spring embedded WebApplicationContext
2020-07-13 16:51:52.108  INFO 78116 --- [localhost-startStop-1] o.s.web.context.ContextLoader            : Root WebApplicationContext: initialization completed in 1848 ms
2020-07-13 16:51:52.330  INFO 78116 --- [localhost-startStop-1] o.s.b.w.servlet.ServletRegistrationBean  : Servlet dispatcherServlet mapped to [/]
2020-07-13 16:51:52.337  INFO 78116 --- [localhost-startStop-1] o.s.b.w.servlet.FilterRegistrationBean   : Mapping filter: 'characterEncodingFilter' to: [/*]
2020-07-13 16:51:53.816  INFO 78116 --- [main] s.w.s.m.m.a.RequestMappingHandlerMapping : Mapped "{[/faction/factionContent],methods=[POST]}" onto public com.danny.hongtu.util.JsonResult com.danny.hongtu.web.controller.FactionController.findFactionContent(java.lang.String,java.lang.String,java.lang.String)
2020-07-13 16:51:53.817  INFO 78116 --- [main] s.w.s.m.m.a.RequestMappingHandlerMapping : Mapped "{[/faction/factionCatalogue],methods=[POST]}" onto public com.danny.hongtu.util.JsonResult com.danny.hongtu.web.controller.FactionController.findFactionCatalogue(java.lang.String,java.lang.String)
2020-07-13 16:51:53.817  INFO 78116 --- [main] s.w.s.m.m.a.RequestMappingHandlerMapping : Mapped "{[/faction/factionList]}" onto public com.danny.hongtu.util.JsonResult com.danny.hongtu.web.controller.FactionController.findFactionList(java.lang.String,java.lang.String)
2020-07-13 16:51:53.819  INFO 78116 --- [main] s.w.s.m.m.a.RequestMappingHandlerMapping : Mapped "{[/user/findAll],methods=[POST]}" onto public com.danny.hongtu.util.JsonResult com.danny.hongtu.web.controller.UserController.findFactionContent(java.lang.String)
2020-07-13 16:51:53.819  INFO 78116 --- [main] s.w.s.m.m.a.RequestMappingHandlerMapping : Mapped "{[/user/login],methods=[POST]}" onto public com.danny.hongtu.util.JsonResult com.danny.hongtu.web.controller.UserController.login(javax.servlet.http.HttpServletResponse,java.lang.String,java.lang.String)
2020-07-13 16:51:53.821  INFO 78116 --- [main] s.w.s.m.m.a.RequestMappingHandlerMapping : Mapped "{[/v2/api-docs],methods=[GET],produces=[application/json || application/hal+json]}" onto public org.springframework.http.ResponseEntity<springfox.documentation.spring.web.json.Json> springfox.documentation.swagger2.web.Swagger2Controller.getDocumentation(java.lang.String,javax.servlet.http.HttpServletRequest)
2020-07-13 16:51:53.825  INFO 78116 --- [main] s.w.s.m.m.a.RequestMappingHandlerMapping : Mapped "{[/swagger-resources/configuration/ui]}" onto org.springframework.http.ResponseEntity<springfox.documentation.swagger.web.UiConfiguration> springfox.documentation.swagger.web.ApiResourceController.uiConfiguration()
2020-07-13 16:51:53.826  INFO 78116 --- [main] s.w.s.m.m.a.RequestMappingHandlerMapping : Mapped "{[/swagger-resources]}" onto org.springframework.http.ResponseEntity<java.util.List<springfox.documentation.swagger.web.SwaggerResource>> springfox.documentation.swagger.web.ApiResourceController.swaggerResources()
2020-07-13 16:51:53.827  INFO 78116 --- [main] s.w.s.m.m.a.RequestMappingHandlerMapping : Mapped "{[/swagger-resources/configuration/security]}" onto org.springframework.http.ResponseEntity<springfox.documentation.swagger.web.SecurityConfiguration> springfox.documentation.swagger.web.ApiResourceController.securityConfiguration()
2020-07-13 16:51:53.831  INFO 78116 --- [main] s.w.s.m.m.a.RequestMappingHandlerMapping : Mapped "{[/error]}" onto public org.springframework.http.ResponseEntity<java.util.Map<java.lang.String, java.lang.Object>> org.springframework.boot.autoconfigure.web.servlet.error.BasicErrorController.error(javax.servlet.http.HttpServletRequest)
2020-07-13 16:51:53.832  INFO 78116 --- [main] s.w.s.m.m.a.RequestMappingHandlerMapping : Mapped "{[/error],produces=[text/html]}" onto public org.springframework.web.servlet.ModelAndView org.springframework.boot.autoconfigure.web.servlet.error.BasicErrorController.errorHtml(javax.servlet.http.HttpServletRequest,javax.servlet.http.HttpServletResponse)
2020-07-13 16:51:54.041  INFO 78116 --- [main] s.w.s.m.m.a.RequestMappingHandlerAdapter : Looking for @ControllerAdvice: org.springframework.boot.web.servlet.context.AnnotationConfigServletWebServerApplicationContext@50de186c: startup date [Mon Jul 13 16:51:50 CST 2020]; root of context hierarchy
2020-07-13 16:51:54.089  INFO 78116 --- [main] .m.m.a.ExceptionHandlerExceptionResolver : Detected @ExceptionHandler methods in baseController
2020-07-13 16:51:54.636  INFO 78116 --- [main] org.mongodb.driver.cluster               : Cluster created with settings {hosts=[localhost:27017], mode=SINGLE, requiredClusterType=UNKNOWN, serverSelectionTimeout='30000 ms', maxWaitQueueSize=500}
2020-07-13 16:51:54.723  INFO 78116 --- [cluster-ClusterId{value='5f0c20aa6a7d1b3124f07aa8', description='null'}-localhost:27017] org.mongodb.driver.connection            : Opened connection [connectionId{localValue:1, serverValue:65}] to localhost:27017
2020-07-13 16:51:54.727  INFO 78116 --- [cluster-ClusterId{value='5f0c20aa6a7d1b3124f07aa8', description='null'}-localhost:27017] org.mongodb.driver.cluster               : Monitor thread successfully connected to server with description ServerDescription{address=localhost:27017, type=STANDALONE, state=CONNECTED, ok=true, version=ServerVersion{versionList=[4, 0, 8]}, minWireVersion=0, maxWireVersion=7, maxDocumentSize=16777216, logicalSessionTimeoutMinutes=30, roundTripTimeNanos=2660600}
2020-07-13 16:51:55.309  INFO 78116 --- [main] o.s.j.e.a.AnnotationMBeanExporter        : Registering beans for JMX exposure on startup
2020-07-13 16:51:55.310  INFO 78116 --- [main] o.s.j.e.a.AnnotationMBeanExporter        : Bean with name 'dataSource' has been autodetected for JMX exposure
2020-07-13 16:51:55.318  INFO 78116 --- [main] o.s.j.e.a.AnnotationMBeanExporter        : Located MBean 'dataSource': registering with JMX server as MBean [com.zaxxer.hikari:name=dataSource,type=HikariDataSource]
2020-07-13 16:51:55.322  INFO 78116 --- [main] o.s.c.support.DefaultLifecycleProcessor  : Starting beans in phase 2147483647
2020-07-13 16:51:55.323  INFO 78116 --- [main] d.s.w.p.DocumentationPluginsBootstrapper : Context refreshed
2020-07-13 16:51:55.342  INFO 78116 --- [main] d.s.w.p.DocumentationPluginsBootstrapper : Found 1 custom documentation plugin(s)
2020-07-13 16:51:55.360  INFO 78116 --- [main] s.d.s.w.s.ApiListingReferenceScanner     : Scanning for api listing references
2020-07-13 16:51:55.517  INFO 78116 --- [main] .d.s.w.r.o.CachingOperationNameGenerator : Generating unique operation named: findFactionContentUsingPOST_1
2020-07-13 16:51:55.589  INFO 78116 --- [main] o.s.b.w.embedded.tomcat.TomcatWebServer  : Tomcat started on port(s): 33242 (http) with context path ''
2020-07-13 16:51:55.594  INFO 78116 --- [main] com.danny.hongtu.MainStart               : Started MainStart in 6.264 seconds (JVM running for 7.198)
